[debug] [2023-04-01T08:11:07.749Z] ----------------------------------------------------------------------
[debug] [2023-04-01T08:11:07.752Z] Command:       C:\Program Files\nodejs\node.exe C:\Users\user\AppData\Roaming\npm\node_modules\firebase-tools\lib\bin\firebase.js deploy
[debug] [2023-04-01T08:11:07.753Z] CLI Version:   11.21.0
[debug] [2023-04-01T08:11:07.754Z] Platform:      win32
[debug] [2023-04-01T08:11:07.754Z] Node Version:  v18.12.1
[debug] [2023-04-01T08:11:07.755Z] Time:          Sat Apr 01 2023 14:11:07 GMT+0600 (GMT+06:00)
[debug] [2023-04-01T08:11:07.756Z] ----------------------------------------------------------------------
[debug] 
[debug] [2023-04-01T08:11:07.879Z] > command requires scopes: ["email","openid","https://www.googleapis.com/auth/cloudplatformprojects.readonly","https://www.googleapis.com/auth/firebase","https://www.googleapis.com/auth/cloud-platform"]
[debug] [2023-04-01T08:11:07.880Z] > authorizing via signed-in user (aftaami@gmail.com)
[debug] [2023-04-01T08:11:07.880Z] [iam] checking project wematch-42878 for permissions ["firebase.projects.get","firebasehosting.sites.update"]
[debug] [2023-04-01T08:11:07.884Z] >>> [apiv2][query] POST https://cloudresourcemanager.googleapis.com/v1/projects/wematch-42878:testIamPermissions [none]
[debug] [2023-04-01T08:11:07.885Z] >>> [apiv2][(partial)header] POST https://cloudresourcemanager.googleapis.com/v1/projects/wematch-42878:testIamPermissions x-goog-quota-user=projects/wematch-42878
[debug] [2023-04-01T08:11:07.885Z] >>> [apiv2][body] POST https://cloudresourcemanager.googleapis.com/v1/projects/wematch-42878:testIamPermissions {"permissions":["firebase.projects.get","firebasehosting.sites.update"]}
[debug] [2023-04-01T08:11:11.661Z] <<< [apiv2][status] POST https://cloudresourcemanager.googleapis.com/v1/projects/wematch-42878:testIamPermissions 200
[debug] [2023-04-01T08:11:11.662Z] <<< [apiv2][body] POST https://cloudresourcemanager.googleapis.com/v1/projects/wematch-42878:testIamPermissions {"permissions":["firebase.projects.get","firebasehosting.sites.update"]}
[debug] [2023-04-01T08:11:11.663Z] >>> [apiv2][query] GET https://firebase.googleapis.com/v1beta1/projects/wematch-42878 [none]
[debug] [2023-04-01T08:11:12.261Z] <<< [apiv2][status] GET https://firebase.googleapis.com/v1beta1/projects/wematch-42878 200
[debug] [2023-04-01T08:11:12.261Z] <<< [apiv2][body] GET https://firebase.googleapis.com/v1beta1/projects/wematch-42878 {"projectId":"wematch-42878","projectNumber":"293925230398","displayName":"weMatch","name":"projects/wematch-42878","resources":{"hostingSite":"wematch-42878"},"state":"ACTIVE","etag":"1_61e32483-65ee-4e5d-91db-91d91581d388"}
[info] 
[info] === Deploying to 'wematch-42878'...
[info] 
[info] i  deploying hosting 
[debug] [2023-04-01T08:11:12.273Z] >>> [apiv2][query] POST https://firebasehosting.googleapis.com/v1beta1/projects/-/sites/wematch-42878/versions [none]
[debug] [2023-04-01T08:11:12.273Z] >>> [apiv2][body] POST https://firebasehosting.googleapis.com/v1beta1/projects/-/sites/wematch-42878/versions {"status":"CREATED","labels":{"deployment-tool":"cli-firebase"}}
[debug] [2023-04-01T08:11:14.682Z] <<< [apiv2][status] POST https://firebasehosting.googleapis.com/v1beta1/projects/-/sites/wematch-42878/versions 200
[debug] [2023-04-01T08:11:14.682Z] <<< [apiv2][body] POST https://firebasehosting.googleapis.com/v1beta1/projects/-/sites/wematch-42878/versions {"name":"projects/293925230398/sites/wematch-42878/versions/8de880a8f57b4062","status":"CREATED","config":{},"labels":{"deployment-tool":"cli-firebase"}}
[info] i  hosting[wematch-42878]: beginning deploy... 
[info] i  hosting[wematch-42878]: found 29 files in build 
[debug] [2023-04-01T08:11:14.712Z] [hosting] uploading with 200 concurrency
[debug] [2023-04-01T08:11:14.714Z] [hosting] hash cache [YnVpbGQ] not populated
[debug] [2023-04-01T08:11:15.460Z] [hosting] hash cache [YnVpbGQ] stored for 29 files
[debug] [2023-04-01T08:11:15.460Z] [hosting][hash queue][FINAL] {"max":733,"min":74,"avg":117.96551724137932,"active":0,"complete":29,"success":29,"errored":0,"retried":0,"total":29,"elapsed":744}
[debug] [2023-04-01T08:11:15.461Z] >>> [apiv2][query] POST https://firebasehosting.googleapis.com/v1beta1/projects/293925230398/sites/wematch-42878/versions/8de880a8f57b4062:populateFiles [none]
[debug] [2023-04-01T08:11:15.461Z] >>> [apiv2][body] POST https://firebasehosting.googleapis.com/v1beta1/projects/293925230398/sites/wematch-42878/versions/8de880a8f57b4062:populateFiles {"files":{"/asset-manifest.json":"75736e6914526aa4b9f18e1f9565b76646f01151be5f9a53e249d88a60f3a82c","/index.html":"87907fbe07ec3b72f0006f1665108dd7564b57f5de7b86acf6e2693b8c54e5fa","/robots.txt":"b2090cf9761ef60aa06e4fab97679bd43dfa5e5df073701ead5879d7c68f1ec5","/manifest.json":"5c997de1364b8be939319fa9209abd77f2caf7f8844999a9e2e9173f844e7840","/static/js/main.2d8ed1aa.js.LICENSE.txt":"9bb4c9b5cdc748541769eaa1d4070a36741540d0a442687c9ec7cf668d1d468b","/static/css/main.9615bf97.css.map":"d80ec1b0e60bb1ade08c5b8344d9760305e6cc9721806858b6d5365f2ad8b5fd","/static/css/main.9615bf97.css":"f4c9ab6a75b3a496825ff7d979921d33d395b13c235a4b6a7c2c050e9091418f","/static/media/heart.16bae3cd6b04879b50f9.png":"6802b859c1a65415410b4bdfe7c38e8ad5d25cafd42f5a831eb4d4632a07fb24","/static/media/likes.47a273a2e472567547be.png":"e79365597f71bf11b6377736437e07d372a200ac29d51f27aa5dce1c3027d3d8","/static/media/messages.21e1b9974d1acfccbf2a.png":"699d6503af05e0defe23570f28ab12ff56c435b8fd9713bad03b46e3dafa2762","/static/media/profile.978389a79abc1bb717dd.png":"7805e2ee03d626c63d91ac5e7c9d2e362c1adfb6952d2604cf22d6d286c478a9","/static/media/recs.31ba40e8d65229b590e8.png":"6eaafb865ec928b801af3cd7f51dc0fda3aa44d25f1ae76799c75a03ca4f25fc","/static/media/logo.e5b464ec15ed009a42ee.png":"f11ca31dbeb2c6a62a4b109235234493e9912388472c8e6002d065571d73bf1d","/static/media/google-logo-icon-png-transparent 1.08b3967762bf1e66aff1b34d2b4eab38.svg":"3f6ae37a623bc38526307fd94327b80b902195ecfd986bb699dbf439d77f0099","/static/media/securiti.3800f9c7f9a4912ebe41.png":"ce206fff92578d6c76343ec53f0a1d04a75346551d0a2a09c2e699c44b3475a6","/static/media/premium-pic.603f984d1c1f575c2072.png":"25d53cb691c17ffd63538f5b2b128c8e99e00b0fd63c63f5476ffb4f59463058","/static/media/self.55469ec20f2a5e8b3104.png":"306e757cb75e72c26efd0367820b0ad49db92419b0d865034ffd8d1c3a399dd2","/static/media/about.d92faf9774fb6812e33c.png":"f2d444192f4361f328cc53ac205061c13ee28d88fd9acf3d0fab693c198186f5","/static/media/career-pic.68557cc0d9526316ebf8.png":"bab6c8a44ec5e20b38ccaa46d1d3af2a83bec394887ad0374091ce3c9e8efe04","/static/media/logo.54b076b9168a2d6f7a85.png":"06fa3b4b176dc92d4eb31ca1e2c3ed4f79b5e3ba7d35f7f2d681ed5ab13327a5","/static/media/matching.3686a73528a0afdca498.png":"e2d8128cf6e7e76949698af346078d05771891bc2ee08ac44ce6ca33f94ceff9","/static/media/create.d5faa4ddd3f26268c7dc.png":"5cdfa1c239462a415f6968e8670f4e73b47c85ed9bd374cbf1bbfdef9c569ebc","/static/media/sport.9975fa0f53b4692bfa4b.png":"dce27c6c44e1e9758a3ccccaad8ec9d32ace026de144d0d9844c2d92c6fc459f","/static/media/music.f0632115047d22e28c3a.png":"8a3e647cb7d2d443d3ae2746515ecdaae70306678b2bc558f781bb1e312daa8f","/static/media/art.0d16ccf27ad616d7bf81.png":"5e73976072e28f62788f0927ba3d740ef8aebd241c11afb2e2ec296dac2c2da1","/static/media/other.94df12c740d21d5882ea.png":"7f1b2bfe31f20572b0fc02b55f67dd0a7f1f9f21dba2b685ab0f989281c26aa9","/static/media/header-pic.caf8cf375b3b0b23ba37.png":"81a721810e939d74fb8a7de16706361962809d8fe567e93fae5c7e881a5f4716","/static/js/main.2d8ed1aa.js":"904f18db6e0b903ef92c2aa3a59b50464493b2ee3ebfc6a506e0bd97ca0ec46f","/static/js/main.2d8ed1aa.js.map":"01e37dc38db3d6f15cbf972271a6591227f82d20181395c51b12be006383dffa"}}
[debug] [2023-04-01T08:11:16.971Z] <<< [apiv2][status] POST https://firebasehosting.googleapis.com/v1beta1/projects/293925230398/sites/wematch-42878/versions/8de880a8f57b4062:populateFiles 200
[debug] [2023-04-01T08:11:16.971Z] <<< [apiv2][body] POST https://firebasehosting.googleapis.com/v1beta1/projects/293925230398/sites/wematch-42878/versions/8de880a8f57b4062:populateFiles {"uploadRequiredHashes":["75736e6914526aa4b9f18e1f9565b76646f01151be5f9a53e249d88a60f3a82c","5e73976072e28f62788f0927ba3d740ef8aebd241c11afb2e2ec296dac2c2da1","25d53cb691c17ffd63538f5b2b128c8e99e00b0fd63c63f5476ffb4f59463058","5c997de1364b8be939319fa9209abd77f2caf7f8844999a9e2e9173f844e7840","f11ca31dbeb2c6a62a4b109235234493e9912388472c8e6002d065571d73bf1d","e79365597f71bf11b6377736437e07d372a200ac29d51f27aa5dce1c3027d3d8","699d6503af05e0defe23570f28ab12ff56c435b8fd9713bad03b46e3dafa2762","f2d444192f4361f328cc53ac205061c13ee28d88fd9acf3d0fab693c198186f5","b2090cf9761ef60aa06e4fab97679bd43dfa5e5df073701ead5879d7c68f1ec5","6802b859c1a65415410b4bdfe7c38e8ad5d25cafd42f5a831eb4d4632a07fb24","e2d8128cf6e7e76949698af346078d05771891bc2ee08ac44ce6ca33f94ceff9","904f18db6e0b903ef92c2aa3a59b50464493b2ee3ebfc6a506e0bd97ca0ec46f","7805e2ee03d626c63d91ac5e7c9d2e362c1adfb6952d2604cf22d6d286c478a9","01e37dc38db3d6f15cbf972271a6591227f82d20181395c51b12be006383dffa","f4c9ab6a75b3a496825ff7d979921d33d395b13c235a4b6a7c2c050e9091418f","bab6c8a44ec5e20b38ccaa46d1d3af2a83bec394887ad0374091ce3c9e8efe04","81a721810e939d74fb8a7de16706361962809d8fe567e93fae5c7e881a5f4716","06fa3b4b176dc92d4eb31ca1e2c3ed4f79b5e3ba7d35f7f2d681ed5ab13327a5","5cdfa1c239462a415f6968e8670f4e73b47c85ed9bd374cbf1bbfdef9c569ebc","7f1b2bfe31f20572b0fc02b55f67dd0a7f1f9f21dba2b685ab0f989281c26aa9","9bb4c9b5cdc748541769eaa1d4070a36741540d0a442687c9ec7cf668d1d468b","87907fbe07ec3b72f0006f1665108dd7564b57f5de7b86acf6e2693b8c54e5fa","ce206fff92578d6c76343ec53f0a1d04a75346551d0a2a09c2e699c44b3475a6","3f6ae37a623bc38526307fd94327b80b902195ecfd986bb699dbf439d77f0099","8a3e647cb7d2d443d3ae2746515ecdaae70306678b2bc558f781bb1e312daa8f","dce27c6c44e1e9758a3ccccaad8ec9d32ace026de144d0d9844c2d92c6fc459f","6eaafb865ec928b801af3cd7f51dc0fda3aa44d25f1ae76799c75a03ca4f25fc","306e757cb75e72c26efd0367820b0ad49db92419b0d865034ffd8d1c3a399dd2","d80ec1b0e60bb1ade08c5b8344d9760305e6cc9721806858b6d5365f2ad8b5fd"],"uploadUrl":"https://upload-firebasehosting.googleapis.com/upload/sites/wematch-42878/versions/8de880a8f57b4062/files"}
[debug] [2023-04-01T08:11:16.980Z] >>> [apiv2][query] POST https://upload-firebasehosting.googleapis.com/upload/sites/wematch-42878/versions/8de880a8f57b4062/files/75736e6914526aa4b9f18e1f9565b76646f01151be5f9a53e249d88a60f3a82c [none]
[debug] [2023-04-01T08:11:16.980Z] >>> [apiv2][body] POST https://upload-firebasehosting.googleapis.com/upload/sites/wematch-42878/versions/8de880a8f57b4062/files/75736e6914526aa4b9f18e1f9565b76646f01151be5f9a53e249d88a60f3a82c [stream]
[debug] [2023-04-01T08:11:16.982Z] >>> [apiv2][query] POST https://upload-firebasehosting.googleapis.com/upload/sites/wematch-42878/versions/8de880a8f57b4062/files/5e73976072e28f62788f0927ba3d740ef8aebd241c11afb2e2ec296dac2c2da1 [none]
[debug] [2023-04-01T08:11:16.982Z] >>> [apiv2][body] POST https://upload-firebasehosting.googleapis.com/upload/sites/wematch-42878/versions/8de880a8f57b4062/files/5e73976072e28f62788f0927ba3d740ef8aebd241c11afb2e2ec296dac2c2da1 [stream]
[debug] [2023-04-01T08:11:16.984Z] >>> [apiv2][query] POST https://upload-firebasehosting.googleapis.com/upload/sites/wematch-42878/versions/8de880a8f57b4062/files/25d53cb691c17ffd63538f5b2b128c8e99e00b0fd63c63f5476ffb4f59463058 [none]
[debug] [2023-04-01T08:11:16.985Z] >>> [apiv2][body] POST https://upload-firebasehosting.googleapis.com/upload/sites/wematch-42878/versions/8de880a8f57b4062/files/25d53cb691c17ffd63538f5b2b128c8e99e00b0fd63c63f5476ffb4f59463058 [stream]
[debug] [2023-04-01T08:11:16.986Z] >>> [apiv2][query] POST https://upload-firebasehosting.googleapis.com/upload/sites/wematch-42878/versions/8de880a8f57b4062/files/5c997de1364b8be939319fa9209abd77f2caf7f8844999a9e2e9173f844e7840 [none]
[debug] [2023-04-01T08:11:16.986Z] >>> [apiv2][body] POST https://upload-firebasehosting.googleapis.com/upload/sites/wematch-42878/versions/8de880a8f57b4062/files/5c997de1364b8be939319fa9209abd77f2caf7f8844999a9e2e9173f844e7840 [stream]
[debug] [2023-04-01T08:11:16.988Z] >>> [apiv2][query] POST https://upload-firebasehosting.googleapis.com/upload/sites/wematch-42878/versions/8de880a8f57b4062/files/f11ca31dbeb2c6a62a4b109235234493e9912388472c8e6002d065571d73bf1d [none]
[debug] [2023-04-01T08:11:16.988Z] >>> [apiv2][body] POST https://upload-firebasehosting.googleapis.com/upload/sites/wematch-42878/versions/8de880a8f57b4062/files/f11ca31dbeb2c6a62a4b109235234493e9912388472c8e6002d065571d73bf1d [stream]
[debug] [2023-04-01T08:11:16.990Z] >>> [apiv2][query] POST https://upload-firebasehosting.googleapis.com/upload/sites/wematch-42878/versions/8de880a8f57b4062/files/e79365597f71bf11b6377736437e07d372a200ac29d51f27aa5dce1c3027d3d8 [none]
[debug] [2023-04-01T08:11:16.990Z] >>> [apiv2][body] POST https://upload-firebasehosting.googleapis.com/upload/sites/wematch-42878/versions/8de880a8f57b4062/files/e79365597f71bf11b6377736437e07d372a200ac29d51f27aa5dce1c3027d3d8 [stream]
[debug] [2023-04-01T08:11:16.992Z] >>> [apiv2][query] POST https://upload-firebasehosting.googleapis.com/upload/sites/wematch-42878/versions/8de880a8f57b4062/files/699d6503af05e0defe23570f28ab12ff56c435b8fd9713bad03b46e3dafa2762 [none]
[debug] [2023-04-01T08:11:16.992Z] >>> [apiv2][body] POST https://upload-firebasehosting.googleapis.com/upload/sites/wematch-42878/versions/8de880a8f57b4062/files/699d6503af05e0defe23570f28ab12ff56c435b8fd9713bad03b46e3dafa2762 [stream]
[debug] [2023-04-01T08:11:16.993Z] >>> [apiv2][query] POST https://upload-firebasehosting.googleapis.com/upload/sites/wematch-42878/versions/8de880a8f57b4062/files/f2d444192f4361f328cc53ac205061c13ee28d88fd9acf3d0fab693c198186f5 [none]
[debug] [2023-04-01T08:11:16.993Z] >>> [apiv2][body] POST https://upload-firebasehosting.googleapis.com/upload/sites/wematch-42878/versions/8de880a8f57b4062/files/f2d444192f4361f328cc53ac205061c13ee28d88fd9acf3d0fab693c198186f5 [stream]
[debug] [2023-04-01T08:11:16.995Z] >>> [apiv2][query] POST https://upload-firebasehosting.googleapis.com/upload/sites/wematch-42878/versions/8de880a8f57b4062/files/b2090cf9761ef60aa06e4fab97679bd43dfa5e5df073701ead5879d7c68f1ec5 [none]
[debug] [2023-04-01T08:11:16.995Z] >>> [apiv2][body] POST https://upload-firebasehosting.googleapis.com/upload/sites/wematch-42878/versions/8de880a8f57b4062/files/b2090cf9761ef60aa06e4fab97679bd43dfa5e5df073701ead5879d7c68f1ec5 [stream]
[debug] [2023-04-01T08:11:16.997Z] >>> [apiv2][query] POST https://upload-firebasehosting.googleapis.com/upload/sites/wematch-42878/versions/8de880a8f57b4062/files/6802b859c1a65415410b4bdfe7c38e8ad5d25cafd42f5a831eb4d4632a07fb24 [none]
[debug] [2023-04-01T08:11:16.997Z] >>> [apiv2][body] POST https://upload-firebasehosting.googleapis.com/upload/sites/wematch-42878/versions/8de880a8f57b4062/files/6802b859c1a65415410b4bdfe7c38e8ad5d25cafd42f5a831eb4d4632a07fb24 [stream]
[debug] [2023-04-01T08:11:16.999Z] >>> [apiv2][query] POST https://upload-firebasehosting.googleapis.com/upload/sites/wematch-42878/versions/8de880a8f57b4062/files/e2d8128cf6e7e76949698af346078d05771891bc2ee08ac44ce6ca33f94ceff9 [none]
[debug] [2023-04-01T08:11:16.999Z] >>> [apiv2][body] POST https://upload-firebasehosting.googleapis.com/upload/sites/wematch-42878/versions/8de880a8f57b4062/files/e2d8128cf6e7e76949698af346078d05771891bc2ee08ac44ce6ca33f94ceff9 [stream]
[debug] [2023-04-01T08:11:17.001Z] >>> [apiv2][query] POST https://upload-firebasehosting.googleapis.com/upload/sites/wematch-42878/versions/8de880a8f57b4062/files/904f18db6e0b903ef92c2aa3a59b50464493b2ee3ebfc6a506e0bd97ca0ec46f [none]
[debug] [2023-04-01T08:11:17.001Z] >>> [apiv2][body] POST https://upload-firebasehosting.googleapis.com/upload/sites/wematch-42878/versions/8de880a8f57b4062/files/904f18db6e0b903ef92c2aa3a59b50464493b2ee3ebfc6a506e0bd97ca0ec46f [stream]
[debug] [2023-04-01T08:11:17.002Z] >>> [apiv2][query] POST https://upload-firebasehosting.googleapis.com/upload/sites/wematch-42878/versions/8de880a8f57b4062/files/7805e2ee03d626c63d91ac5e7c9d2e362c1adfb6952d2604cf22d6d286c478a9 [none]
[debug] [2023-04-01T08:11:17.002Z] >>> [apiv2][body] POST https://upload-firebasehosting.googleapis.com/upload/sites/wematch-42878/versions/8de880a8f57b4062/files/7805e2ee03d626c63d91ac5e7c9d2e362c1adfb6952d2604cf22d6d286c478a9 [stream]
[debug] [2023-04-01T08:11:17.003Z] >>> [apiv2][query] POST https://upload-firebasehosting.googleapis.com/upload/sites/wematch-42878/versions/8de880a8f57b4062/files/01e37dc38db3d6f15cbf972271a6591227f82d20181395c51b12be006383dffa [none]
[debug] [2023-04-01T08:11:17.004Z] >>> [apiv2][body] POST https://upload-firebasehosting.googleapis.com/upload/sites/wematch-42878/versions/8de880a8f57b4062/files/01e37dc38db3d6f15cbf972271a6591227f82d20181395c51b12be006383dffa [stream]
[debug] [2023-04-01T08:11:17.005Z] >>> [apiv2][query] POST https://upload-firebasehosting.googleapis.com/upload/sites/wematch-42878/versions/8de880a8f57b4062/files/f4c9ab6a75b3a496825ff7d979921d33d395b13c235a4b6a7c2c050e9091418f [none]
[debug] [2023-04-01T08:11:17.005Z] >>> [apiv2][body] POST https://upload-firebasehosting.googleapis.com/upload/sites/wematch-42878/versions/8de880a8f57b4062/files/f4c9ab6a75b3a496825ff7d979921d33d395b13c235a4b6a7c2c050e9091418f [stream]
[debug] [2023-04-01T08:11:17.006Z] >>> [apiv2][query] POST https://upload-firebasehosting.googleapis.com/upload/sites/wematch-42878/versions/8de880a8f57b4062/files/bab6c8a44ec5e20b38ccaa46d1d3af2a83bec394887ad0374091ce3c9e8efe04 [none]
[debug] [2023-04-01T08:11:17.006Z] >>> [apiv2][body] POST https://upload-firebasehosting.googleapis.com/upload/sites/wematch-42878/versions/8de880a8f57b4062/files/bab6c8a44ec5e20b38ccaa46d1d3af2a83bec394887ad0374091ce3c9e8efe04 [stream]
[debug] [2023-04-01T08:11:17.008Z] >>> [apiv2][query] POST https://upload-firebasehosting.googleapis.com/upload/sites/wematch-42878/versions/8de880a8f57b4062/files/81a721810e939d74fb8a7de16706361962809d8fe567e93fae5c7e881a5f4716 [none]
[debug] [2023-04-01T08:11:17.008Z] >>> [apiv2][body] POST https://upload-firebasehosting.googleapis.com/upload/sites/wematch-42878/versions/8de880a8f57b4062/files/81a721810e939d74fb8a7de16706361962809d8fe567e93fae5c7e881a5f4716 [stream]
[debug] [2023-04-01T08:11:17.009Z] >>> [apiv2][query] POST https://upload-firebasehosting.googleapis.com/upload/sites/wematch-42878/versions/8de880a8f57b4062/files/06fa3b4b176dc92d4eb31ca1e2c3ed4f79b5e3ba7d35f7f2d681ed5ab13327a5 [none]
[debug] [2023-04-01T08:11:17.009Z] >>> [apiv2][body] POST https://upload-firebasehosting.googleapis.com/upload/sites/wematch-42878/versions/8de880a8f57b4062/files/06fa3b4b176dc92d4eb31ca1e2c3ed4f79b5e3ba7d35f7f2d681ed5ab13327a5 [stream]
[debug] [2023-04-01T08:11:17.011Z] >>> [apiv2][query] POST https://upload-firebasehosting.googleapis.com/upload/sites/wematch-42878/versions/8de880a8f57b4062/files/5cdfa1c239462a415f6968e8670f4e73b47c85ed9bd374cbf1bbfdef9c569ebc [none]
[debug] [2023-04-01T08:11:17.011Z] >>> [apiv2][body] POST https://upload-firebasehosting.googleapis.com/upload/sites/wematch-42878/versions/8de880a8f57b4062/files/5cdfa1c239462a415f6968e8670f4e73b47c85ed9bd374cbf1bbfdef9c569ebc [stream]
[debug] [2023-04-01T08:11:17.013Z] >>> [apiv2][query] POST https://upload-firebasehosting.googleapis.com/upload/sites/wematch-42878/versions/8de880a8f57b4062/files/7f1b2bfe31f20572b0fc02b55f67dd0a7f1f9f21dba2b685ab0f989281c26aa9 [none]
[debug] [2023-04-01T08:11:17.013Z] >>> [apiv2][body] POST https://upload-firebasehosting.googleapis.com/upload/sites/wematch-42878/versions/8de880a8f57b4062/files/7f1b2bfe31f20572b0fc02b55f67dd0a7f1f9f21dba2b685ab0f989281c26aa9 [stream]
[debug] [2023-04-01T08:11:17.014Z] >>> [apiv2][query] POST https://upload-firebasehosting.googleapis.com/upload/sites/wematch-42878/versions/8de880a8f57b4062/files/9bb4c9b5cdc748541769eaa1d4070a36741540d0a442687c9ec7cf668d1d468b [none]
[debug] [2023-04-01T08:11:17.014Z] >>> [apiv2][body] POST https://upload-firebasehosting.googleapis.com/upload/sites/wematch-42878/versions/8de880a8f57b4062/files/9bb4c9b5cdc748541769eaa1d4070a36741540d0a442687c9ec7cf668d1d468b [stream]
[debug] [2023-04-01T08:11:17.016Z] >>> [apiv2][query] POST https://upload-firebasehosting.googleapis.com/upload/sites/wematch-42878/versions/8de880a8f57b4062/files/87907fbe07ec3b72f0006f1665108dd7564b57f5de7b86acf6e2693b8c54e5fa [none]
[debug] [2023-04-01T08:11:17.016Z] >>> [apiv2][body] POST https://upload-firebasehosting.googleapis.com/upload/sites/wematch-42878/versions/8de880a8f57b4062/files/87907fbe07ec3b72f0006f1665108dd7564b57f5de7b86acf6e2693b8c54e5fa [stream]
[debug] [2023-04-01T08:11:17.018Z] >>> [apiv2][query] POST https://upload-firebasehosting.googleapis.com/upload/sites/wematch-42878/versions/8de880a8f57b4062/files/ce206fff92578d6c76343ec53f0a1d04a75346551d0a2a09c2e699c44b3475a6 [none]
[debug] [2023-04-01T08:11:17.018Z] >>> [apiv2][body] POST https://upload-firebasehosting.googleapis.com/upload/sites/wematch-42878/versions/8de880a8f57b4062/files/ce206fff92578d6c76343ec53f0a1d04a75346551d0a2a09c2e699c44b3475a6 [stream]
[debug] [2023-04-01T08:11:17.019Z] >>> [apiv2][query] POST https://upload-firebasehosting.googleapis.com/upload/sites/wematch-42878/versions/8de880a8f57b4062/files/3f6ae37a623bc38526307fd94327b80b902195ecfd986bb699dbf439d77f0099 [none]
[debug] [2023-04-01T08:11:17.020Z] >>> [apiv2][body] POST https://upload-firebasehosting.googleapis.com/upload/sites/wematch-42878/versions/8de880a8f57b4062/files/3f6ae37a623bc38526307fd94327b80b902195ecfd986bb699dbf439d77f0099 [stream]
[debug] [2023-04-01T08:11:17.021Z] >>> [apiv2][query] POST https://upload-firebasehosting.googleapis.com/upload/sites/wematch-42878/versions/8de880a8f57b4062/files/8a3e647cb7d2d443d3ae2746515ecdaae70306678b2bc558f781bb1e312daa8f [none]
[debug] [2023-04-01T08:11:17.021Z] >>> [apiv2][body] POST https://upload-firebasehosting.googleapis.com/upload/sites/wematch-42878/versions/8de880a8f57b4062/files/8a3e647cb7d2d443d3ae2746515ecdaae70306678b2bc558f781bb1e312daa8f [stream]
[debug] [2023-04-01T08:11:17.023Z] >>> [apiv2][query] POST https://upload-firebasehosting.googleapis.com/upload/sites/wematch-42878/versions/8de880a8f57b4062/files/dce27c6c44e1e9758a3ccccaad8ec9d32ace026de144d0d9844c2d92c6fc459f [none]
[debug] [2023-04-01T08:11:17.023Z] >>> [apiv2][body] POST https://upload-firebasehosting.googleapis.com/upload/sites/wematch-42878/versions/8de880a8f57b4062/files/dce27c6c44e1e9758a3ccccaad8ec9d32ace026de144d0d9844c2d92c6fc459f [stream]
[debug] [2023-04-01T08:11:17.025Z] >>> [apiv2][query] POST https://upload-firebasehosting.googleapis.com/upload/sites/wematch-42878/versions/8de880a8f57b4062/files/6eaafb865ec928b801af3cd7f51dc0fda3aa44d25f1ae76799c75a03ca4f25fc [none]
[debug] [2023-04-01T08:11:17.025Z] >>> [apiv2][body] POST https://upload-firebasehosting.googleapis.com/upload/sites/wematch-42878/versions/8de880a8f57b4062/files/6eaafb865ec928b801af3cd7f51dc0fda3aa44d25f1ae76799c75a03ca4f25fc [stream]
[debug] [2023-04-01T08:11:17.027Z] >>> [apiv2][query] POST https://upload-firebasehosting.googleapis.com/upload/sites/wematch-42878/versions/8de880a8f57b4062/files/306e757cb75e72c26efd0367820b0ad49db92419b0d865034ffd8d1c3a399dd2 [none]
[debug] [2023-04-01T08:11:17.027Z] >>> [apiv2][body] POST https://upload-firebasehosting.googleapis.com/upload/sites/wematch-42878/versions/8de880a8f57b4062/files/306e757cb75e72c26efd0367820b0ad49db92419b0d865034ffd8d1c3a399dd2 [stream]
[debug] [2023-04-01T08:11:17.028Z] >>> [apiv2][query] POST https://upload-firebasehosting.googleapis.com/upload/sites/wematch-42878/versions/8de880a8f57b4062/files/d80ec1b0e60bb1ade08c5b8344d9760305e6cc9721806858b6d5365f2ad8b5fd [none]
[debug] [2023-04-01T08:11:17.029Z] >>> [apiv2][body] POST https://upload-firebasehosting.googleapis.com/upload/sites/wematch-42878/versions/8de880a8f57b4062/files/d80ec1b0e60bb1ade08c5b8344d9760305e6cc9721806858b6d5365f2ad8b5fd [stream]
[debug] [2023-04-01T08:11:17.031Z] [hosting][populate queue][FINAL] {"max":1522,"min":1522,"avg":1522,"active":0,"complete":1,"success":1,"errored":0,"retried":0,"total":1,"elapsed":1574}
[debug] [2023-04-01T08:11:17.031Z] [hosting] uploads queued: 29
[debug] [2023-04-01T08:11:19.169Z] <<< [apiv2][status] POST https://upload-firebasehosting.googleapis.com/upload/sites/wematch-42878/versions/8de880a8f57b4062/files/75736e6914526aa4b9f18e1f9565b76646f01151be5f9a53e249d88a60f3a82c 200
[debug] [2023-04-01T08:11:19.169Z] <<< [apiv2][body] POST https://upload-firebasehosting.googleapis.com/upload/sites/wematch-42878/versions/8de880a8f57b4062/files/75736e6914526aa4b9f18e1f9565b76646f01151be5f9a53e249d88a60f3a82c [stream]
[debug] [2023-04-01T08:11:19.170Z] <<< [apiv2][status] POST https://upload-firebasehosting.googleapis.com/upload/sites/wematch-42878/versions/8de880a8f57b4062/files/5e73976072e28f62788f0927ba3d740ef8aebd241c11afb2e2ec296dac2c2da1 200
[debug] [2023-04-01T08:11:19.170Z] <<< [apiv2][body] POST https://upload-firebasehosting.googleapis.com/upload/sites/wematch-42878/versions/8de880a8f57b4062/files/5e73976072e28f62788f0927ba3d740ef8aebd241c11afb2e2ec296dac2c2da1 [stream]
[debug] [2023-04-01T08:11:21.889Z] <<< [apiv2][status] POST https://upload-firebasehosting.googleapis.com/upload/sites/wematch-42878/versions/8de880a8f57b4062/files/f11ca31dbeb2c6a62a4b109235234493e9912388472c8e6002d065571d73bf1d 200
[debug] [2023-04-01T08:11:21.889Z] <<< [apiv2][body] POST https://upload-firebasehosting.googleapis.com/upload/sites/wematch-42878/versions/8de880a8f57b4062/files/f11ca31dbeb2c6a62a4b109235234493e9912388472c8e6002d065571d73bf1d [stream]
[debug] [2023-04-01T08:11:22.021Z] <<< [apiv2][status] POST https://upload-firebasehosting.googleapis.com/upload/sites/wematch-42878/versions/8de880a8f57b4062/files/6802b859c1a65415410b4bdfe7c38e8ad5d25cafd42f5a831eb4d4632a07fb24 200
[debug] [2023-04-01T08:11:22.022Z] <<< [apiv2][body] POST https://upload-firebasehosting.googleapis.com/upload/sites/wematch-42878/versions/8de880a8f57b4062/files/6802b859c1a65415410b4bdfe7c38e8ad5d25cafd42f5a831eb4d4632a07fb24 [stream]
[debug] [2023-04-01T08:11:22.023Z] <<< [apiv2][status] POST https://upload-firebasehosting.googleapis.com/upload/sites/wematch-42878/versions/8de880a8f57b4062/files/b2090cf9761ef60aa06e4fab97679bd43dfa5e5df073701ead5879d7c68f1ec5 200
[debug] [2023-04-01T08:11:22.023Z] <<< [apiv2][body] POST https://upload-firebasehosting.googleapis.com/upload/sites/wematch-42878/versions/8de880a8f57b4062/files/b2090cf9761ef60aa06e4fab97679bd43dfa5e5df073701ead5879d7c68f1ec5 [stream]
[debug] [2023-04-01T08:11:22.039Z] <<< [apiv2][status] POST https://upload-firebasehosting.googleapis.com/upload/sites/wematch-42878/versions/8de880a8f57b4062/files/5c997de1364b8be939319fa9209abd77f2caf7f8844999a9e2e9173f844e7840 200
[debug] [2023-04-01T08:11:22.039Z] <<< [apiv2][body] POST https://upload-firebasehosting.googleapis.com/upload/sites/wematch-42878/versions/8de880a8f57b4062/files/5c997de1364b8be939319fa9209abd77f2caf7f8844999a9e2e9173f844e7840 [stream]
[debug] [2023-04-01T08:11:22.117Z] <<< [apiv2][status] POST https://upload-firebasehosting.googleapis.com/upload/sites/wematch-42878/versions/8de880a8f57b4062/files/f2d444192f4361f328cc53ac205061c13ee28d88fd9acf3d0fab693c198186f5 200
[debug] [2023-04-01T08:11:22.117Z] <<< [apiv2][body] POST https://upload-firebasehosting.googleapis.com/upload/sites/wematch-42878/versions/8de880a8f57b4062/files/f2d444192f4361f328cc53ac205061c13ee28d88fd9acf3d0fab693c198186f5 [stream]
[debug] [2023-04-01T08:11:22.118Z] <<< [apiv2][status] POST https://upload-firebasehosting.googleapis.com/upload/sites/wematch-42878/versions/8de880a8f57b4062/files/e79365597f71bf11b6377736437e07d372a200ac29d51f27aa5dce1c3027d3d8 200
[debug] [2023-04-01T08:11:22.118Z] <<< [apiv2][body] POST https://upload-firebasehosting.googleapis.com/upload/sites/wematch-42878/versions/8de880a8f57b4062/files/e79365597f71bf11b6377736437e07d372a200ac29d51f27aa5dce1c3027d3d8 [stream]
[debug] [2023-04-01T08:11:22.209Z] <<< [apiv2][status] POST https://upload-firebasehosting.googleapis.com/upload/sites/wematch-42878/versions/8de880a8f57b4062/files/25d53cb691c17ffd63538f5b2b128c8e99e00b0fd63c63f5476ffb4f59463058 200
[debug] [2023-04-01T08:11:22.210Z] <<< [apiv2][body] POST https://upload-firebasehosting.googleapis.com/upload/sites/wematch-42878/versions/8de880a8f57b4062/files/25d53cb691c17ffd63538f5b2b128c8e99e00b0fd63c63f5476ffb4f59463058 [stream]
[debug] [2023-04-01T08:11:22.317Z] <<< [apiv2][status] POST https://upload-firebasehosting.googleapis.com/upload/sites/wematch-42878/versions/8de880a8f57b4062/files/7805e2ee03d626c63d91ac5e7c9d2e362c1adfb6952d2604cf22d6d286c478a9 200
[debug] [2023-04-01T08:11:22.317Z] <<< [apiv2][body] POST https://upload-firebasehosting.googleapis.com/upload/sites/wematch-42878/versions/8de880a8f57b4062/files/7805e2ee03d626c63d91ac5e7c9d2e362c1adfb6952d2604cf22d6d286c478a9 [stream]
[debug] [2023-04-01T08:11:22.566Z] <<< [apiv2][status] POST https://upload-firebasehosting.googleapis.com/upload/sites/wematch-42878/versions/8de880a8f57b4062/files/01e37dc38db3d6f15cbf972271a6591227f82d20181395c51b12be006383dffa 200
[debug] [2023-04-01T08:11:22.566Z] <<< [apiv2][body] POST https://upload-firebasehosting.googleapis.com/upload/sites/wematch-42878/versions/8de880a8f57b4062/files/01e37dc38db3d6f15cbf972271a6591227f82d20181395c51b12be006383dffa [stream]
[debug] [2023-04-01T08:11:22.605Z] <<< [apiv2][status] POST https://upload-firebasehosting.googleapis.com/upload/sites/wematch-42878/versions/8de880a8f57b4062/files/699d6503af05e0defe23570f28ab12ff56c435b8fd9713bad03b46e3dafa2762 200
[debug] [2023-04-01T08:11:22.605Z] <<< [apiv2][body] POST https://upload-firebasehosting.googleapis.com/upload/sites/wematch-42878/versions/8de880a8f57b4062/files/699d6503af05e0defe23570f28ab12ff56c435b8fd9713bad03b46e3dafa2762 [stream]
[debug] [2023-04-01T08:11:22.959Z] <<< [apiv2][status] POST https://upload-firebasehosting.googleapis.com/upload/sites/wematch-42878/versions/8de880a8f57b4062/files/904f18db6e0b903ef92c2aa3a59b50464493b2ee3ebfc6a506e0bd97ca0ec46f 200
[debug] [2023-04-01T08:11:22.960Z] <<< [apiv2][body] POST https://upload-firebasehosting.googleapis.com/upload/sites/wematch-42878/versions/8de880a8f57b4062/files/904f18db6e0b903ef92c2aa3a59b50464493b2ee3ebfc6a506e0bd97ca0ec46f [stream]
[debug] [2023-04-01T08:11:23.037Z] <<< [apiv2][status] POST https://upload-firebasehosting.googleapis.com/upload/sites/wematch-42878/versions/8de880a8f57b4062/files/e2d8128cf6e7e76949698af346078d05771891bc2ee08ac44ce6ca33f94ceff9 200
[debug] [2023-04-01T08:11:23.037Z] <<< [apiv2][body] POST https://upload-firebasehosting.googleapis.com/upload/sites/wematch-42878/versions/8de880a8f57b4062/files/e2d8128cf6e7e76949698af346078d05771891bc2ee08ac44ce6ca33f94ceff9 [stream]
[debug] [2023-04-01T08:11:34.079Z] <<< [apiv2][status] POST https://upload-firebasehosting.googleapis.com/upload/sites/wematch-42878/versions/8de880a8f57b4062/files/87907fbe07ec3b72f0006f1665108dd7564b57f5de7b86acf6e2693b8c54e5fa 200
[debug] [2023-04-01T08:11:34.080Z] <<< [apiv2][body] POST https://upload-firebasehosting.googleapis.com/upload/sites/wematch-42878/versions/8de880a8f57b4062/files/87907fbe07ec3b72f0006f1665108dd7564b57f5de7b86acf6e2693b8c54e5fa [stream]
[debug] [2023-04-01T08:11:34.387Z] <<< [apiv2][status] POST https://upload-firebasehosting.googleapis.com/upload/sites/wematch-42878/versions/8de880a8f57b4062/files/9bb4c9b5cdc748541769eaa1d4070a36741540d0a442687c9ec7cf668d1d468b 200
[debug] [2023-04-01T08:11:34.387Z] <<< [apiv2][body] POST https://upload-firebasehosting.googleapis.com/upload/sites/wematch-42878/versions/8de880a8f57b4062/files/9bb4c9b5cdc748541769eaa1d4070a36741540d0a442687c9ec7cf668d1d468b [stream]
[debug] [2023-04-01T08:11:34.420Z] <<< [apiv2][status] POST https://upload-firebasehosting.googleapis.com/upload/sites/wematch-42878/versions/8de880a8f57b4062/files/306e757cb75e72c26efd0367820b0ad49db92419b0d865034ffd8d1c3a399dd2 200
[debug] [2023-04-01T08:11:34.420Z] <<< [apiv2][body] POST https://upload-firebasehosting.googleapis.com/upload/sites/wematch-42878/versions/8de880a8f57b4062/files/306e757cb75e72c26efd0367820b0ad49db92419b0d865034ffd8d1c3a399dd2 [stream]
[debug] [2023-04-01T08:11:34.505Z] <<< [apiv2][status] POST https://upload-firebasehosting.googleapis.com/upload/sites/wematch-42878/versions/8de880a8f57b4062/files/3f6ae37a623bc38526307fd94327b80b902195ecfd986bb699dbf439d77f0099 200
[debug] [2023-04-01T08:11:34.505Z] <<< [apiv2][body] POST https://upload-firebasehosting.googleapis.com/upload/sites/wematch-42878/versions/8de880a8f57b4062/files/3f6ae37a623bc38526307fd94327b80b902195ecfd986bb699dbf439d77f0099 [stream]
[debug] [2023-04-01T08:11:34.521Z] <<< [apiv2][status] POST https://upload-firebasehosting.googleapis.com/upload/sites/wematch-42878/versions/8de880a8f57b4062/files/5cdfa1c239462a415f6968e8670f4e73b47c85ed9bd374cbf1bbfdef9c569ebc 200
[debug] [2023-04-01T08:11:34.522Z] <<< [apiv2][body] POST https://upload-firebasehosting.googleapis.com/upload/sites/wematch-42878/versions/8de880a8f57b4062/files/5cdfa1c239462a415f6968e8670f4e73b47c85ed9bd374cbf1bbfdef9c569ebc [stream]
[debug] [2023-04-01T08:11:34.560Z] <<< [apiv2][status] POST https://upload-firebasehosting.googleapis.com/upload/sites/wematch-42878/versions/8de880a8f57b4062/files/f4c9ab6a75b3a496825ff7d979921d33d395b13c235a4b6a7c2c050e9091418f 200
[debug] [2023-04-01T08:11:34.560Z] <<< [apiv2][body] POST https://upload-firebasehosting.googleapis.com/upload/sites/wematch-42878/versions/8de880a8f57b4062/files/f4c9ab6a75b3a496825ff7d979921d33d395b13c235a4b6a7c2c050e9091418f [stream]
[debug] [2023-04-01T08:11:34.584Z] <<< [apiv2][status] POST https://upload-firebasehosting.googleapis.com/upload/sites/wematch-42878/versions/8de880a8f57b4062/files/6eaafb865ec928b801af3cd7f51dc0fda3aa44d25f1ae76799c75a03ca4f25fc 200
[debug] [2023-04-01T08:11:34.584Z] <<< [apiv2][body] POST https://upload-firebasehosting.googleapis.com/upload/sites/wematch-42878/versions/8de880a8f57b4062/files/6eaafb865ec928b801af3cd7f51dc0fda3aa44d25f1ae76799c75a03ca4f25fc [stream]
[debug] [2023-04-01T08:11:34.630Z] <<< [apiv2][status] POST https://upload-firebasehosting.googleapis.com/upload/sites/wematch-42878/versions/8de880a8f57b4062/files/bab6c8a44ec5e20b38ccaa46d1d3af2a83bec394887ad0374091ce3c9e8efe04 200
[debug] [2023-04-01T08:11:34.630Z] <<< [apiv2][body] POST https://upload-firebasehosting.googleapis.com/upload/sites/wematch-42878/versions/8de880a8f57b4062/files/bab6c8a44ec5e20b38ccaa46d1d3af2a83bec394887ad0374091ce3c9e8efe04 [stream]
[debug] [2023-04-01T08:11:34.782Z] <<< [apiv2][status] POST https://upload-firebasehosting.googleapis.com/upload/sites/wematch-42878/versions/8de880a8f57b4062/files/8a3e647cb7d2d443d3ae2746515ecdaae70306678b2bc558f781bb1e312daa8f 200
[debug] [2023-04-01T08:11:34.782Z] <<< [apiv2][body] POST https://upload-firebasehosting.googleapis.com/upload/sites/wematch-42878/versions/8de880a8f57b4062/files/8a3e647cb7d2d443d3ae2746515ecdaae70306678b2bc558f781bb1e312daa8f [stream]
[debug] [2023-04-01T08:11:34.878Z] <<< [apiv2][status] POST https://upload-firebasehosting.googleapis.com/upload/sites/wematch-42878/versions/8de880a8f57b4062/files/06fa3b4b176dc92d4eb31ca1e2c3ed4f79b5e3ba7d35f7f2d681ed5ab13327a5 200
[debug] [2023-04-01T08:11:34.878Z] <<< [apiv2][body] POST https://upload-firebasehosting.googleapis.com/upload/sites/wematch-42878/versions/8de880a8f57b4062/files/06fa3b4b176dc92d4eb31ca1e2c3ed4f79b5e3ba7d35f7f2d681ed5ab13327a5 [stream]
[debug] [2023-04-01T08:11:34.938Z] <<< [apiv2][status] POST https://upload-firebasehosting.googleapis.com/upload/sites/wematch-42878/versions/8de880a8f57b4062/files/dce27c6c44e1e9758a3ccccaad8ec9d32ace026de144d0d9844c2d92c6fc459f 200
[debug] [2023-04-01T08:11:34.938Z] <<< [apiv2][body] POST https://upload-firebasehosting.googleapis.com/upload/sites/wematch-42878/versions/8de880a8f57b4062/files/dce27c6c44e1e9758a3ccccaad8ec9d32ace026de144d0d9844c2d92c6fc459f [stream]
[debug] [2023-04-01T08:11:34.976Z] <<< [apiv2][status] POST https://upload-firebasehosting.googleapis.com/upload/sites/wematch-42878/versions/8de880a8f57b4062/files/81a721810e939d74fb8a7de16706361962809d8fe567e93fae5c7e881a5f4716 200
[debug] [2023-04-01T08:11:34.976Z] <<< [apiv2][body] POST https://upload-firebasehosting.googleapis.com/upload/sites/wematch-42878/versions/8de880a8f57b4062/files/81a721810e939d74fb8a7de16706361962809d8fe567e93fae5c7e881a5f4716 [stream]
[debug] [2023-04-01T08:11:35.023Z] <<< [apiv2][status] POST https://upload-firebasehosting.googleapis.com/upload/sites/wematch-42878/versions/8de880a8f57b4062/files/ce206fff92578d6c76343ec53f0a1d04a75346551d0a2a09c2e699c44b3475a6 200
[debug] [2023-04-01T08:11:35.024Z] <<< [apiv2][body] POST https://upload-firebasehosting.googleapis.com/upload/sites/wematch-42878/versions/8de880a8f57b4062/files/ce206fff92578d6c76343ec53f0a1d04a75346551d0a2a09c2e699c44b3475a6 [stream]
[debug] [2023-04-01T08:11:35.065Z] <<< [apiv2][status] POST https://upload-firebasehosting.googleapis.com/upload/sites/wematch-42878/versions/8de880a8f57b4062/files/7f1b2bfe31f20572b0fc02b55f67dd0a7f1f9f21dba2b685ab0f989281c26aa9 200
[debug] [2023-04-01T08:11:35.065Z] <<< [apiv2][body] POST https://upload-firebasehosting.googleapis.com/upload/sites/wematch-42878/versions/8de880a8f57b4062/files/7f1b2bfe31f20572b0fc02b55f67dd0a7f1f9f21dba2b685ab0f989281c26aa9 [stream]
[debug] [2023-04-01T08:11:38.634Z] [uploadQueue] Retrying task d80ec1b0e60bb1ade08c5b8344d9760305e6cc9721806858b6d5365f2ad8b5fd
[debug] [2023-04-01T08:11:38.635Z] >>> [apiv2][query] POST https://upload-firebasehosting.googleapis.com/upload/sites/wematch-42878/versions/8de880a8f57b4062/files/d80ec1b0e60bb1ade08c5b8344d9760305e6cc9721806858b6d5365f2ad8b5fd [none]
[debug] [2023-04-01T08:11:38.635Z] >>> [apiv2][body] POST https://upload-firebasehosting.googleapis.com/upload/sites/wematch-42878/versions/8de880a8f57b4062/files/d80ec1b0e60bb1ade08c5b8344d9760305e6cc9721806858b6d5365f2ad8b5fd [stream]
[debug] [2023-04-01T08:11:42.058Z] <<< [apiv2][status] POST https://upload-firebasehosting.googleapis.com/upload/sites/wematch-42878/versions/8de880a8f57b4062/files/d80ec1b0e60bb1ade08c5b8344d9760305e6cc9721806858b6d5365f2ad8b5fd 200
[debug] [2023-04-01T08:11:42.059Z] <<< [apiv2][body] POST https://upload-firebasehosting.googleapis.com/upload/sites/wematch-42878/versions/8de880a8f57b4062/files/d80ec1b0e60bb1ade08c5b8344d9760305e6cc9721806858b6d5365f2ad8b5fd [stream]
[debug] [2023-04-01T08:11:42.059Z] [hosting][upload queue][FINAL] {"max":18088,"min":2198,"avg":11024.655172413792,"active":0,"complete":29,"success":29,"errored":0,"retried":1,"total":29,"elapsed":25088}
[info] +  hosting[wematch-42878]: file upload complete 
[debug] [2023-04-01T08:11:42.061Z] [hosting] deploy completed after 27375ms
[debug] [2023-04-01T08:11:42.065Z] [
  {
    "config": {
      "public": "build",
      "ignore": [
        "firebase.json",
        "**/.*",
        "**/node_modules/**"
      ],
      "site": "wematch-42878"
    },
    "version": "projects/293925230398/sites/wematch-42878/versions/8de880a8f57b4062"
  }
]
[info] i  hosting[wematch-42878]: finalizing version... 
[debug] [2023-04-01T08:11:42.068Z] >>> [apiv2][query] PATCH https://firebasehosting.googleapis.com/v1beta1/projects/-/sites/wematch-42878/versions/8de880a8f57b4062 updateMask=status%2Cconfig
[debug] [2023-04-01T08:11:42.068Z] >>> [apiv2][body] PATCH https://firebasehosting.googleapis.com/v1beta1/projects/-/sites/wematch-42878/versions/8de880a8f57b4062 {"status":"FINALIZED","config":{}}
[debug] [2023-04-01T08:11:44.620Z] <<< [apiv2][status] PATCH https://firebasehosting.googleapis.com/v1beta1/projects/-/sites/wematch-42878/versions/8de880a8f57b4062 200
[debug] [2023-04-01T08:11:44.621Z] <<< [apiv2][body] PATCH https://firebasehosting.googleapis.com/v1beta1/projects/-/sites/wematch-42878/versions/8de880a8f57b4062 {"name":"projects/293925230398/sites/wematch-42878/versions/8de880a8f57b4062","status":"FINALIZED","config":{},"labels":{"deployment-tool":"cli-firebase"},"createTime":"2023-04-01T08:11:13.613512Z","createUser":{"email":"aftaami@gmail.com"},"finalizeTime":"2023-04-01T08:11:44.263520Z","finalizeUser":{"email":"aftaami@gmail.com"}}
[debug] [2023-04-01T08:11:44.621Z] [hosting] finalized version for wematch-42878:[object Object]
[info] +  hosting[wematch-42878]: version finalized 
[info] i  hosting[wematch-42878]: releasing new version... 
[debug] [2023-04-01T08:11:44.623Z] >>> [apiv2][query] POST https://firebasehosting.googleapis.com/v1beta1/projects/-/sites/wematch-42878/channels/live/releases versionName=projects%2F293925230398%2Fsites%2Fwematch-42878%2Fversions%2F8de880a8f57b4062
[debug] [2023-04-01T08:11:44.623Z] >>> [apiv2][body] POST https://firebasehosting.googleapis.com/v1beta1/projects/-/sites/wematch-42878/channels/live/releases {}
[debug] [2023-04-01T08:11:46.053Z] <<< [apiv2][status] POST https://firebasehosting.googleapis.com/v1beta1/projects/-/sites/wematch-42878/channels/live/releases 200
[debug] [2023-04-01T08:11:46.053Z] <<< [apiv2][body] POST https://firebasehosting.googleapis.com/v1beta1/projects/-/sites/wematch-42878/channels/live/releases {"name":"projects/293925230398/sites/wematch-42878/channels/live/releases/1680336705108000","version":{"name":"projects/293925230398/sites/wematch-42878/versions/8de880a8f57b4062","status":"FINALIZED","config":{},"labels":{"deployment-tool":"cli-firebase"},"createTime":"2023-04-01T08:11:13.613512Z","createUser":{"email":"aftaami@gmail.com","imageUrl":"https://lh3.googleusercontent.com/a/AGNmyxZEu15Webs0ag_sUOfxXG4QmhQ9Z5Zqpaxo3dzX7A"},"finalizeTime":"2023-04-01T08:11:44.263520Z","finalizeUser":{"email":"aftaami@gmail.com","imageUrl":"https://lh3.googleusercontent.com/a/AGNmyxZEu15Webs0ag_sUOfxXG4QmhQ9Z5Zqpaxo3dzX7A"}},"type":"DEPLOY","releaseTime":"2023-04-01T08:11:45.108Z","releaseUser":{"email":"aftaami@gmail.com","imageUrl":"https://lh3.googleusercontent.com/a/AGNmyxZEu15Webs0ag_sUOfxXG4QmhQ9Z5Zqpaxo3dzX7A"}}
[debug] [2023-04-01T08:11:46.053Z] [hosting] release: {"name":"projects/293925230398/sites/wematch-42878/channels/live/releases/1680336705108000","version":{"name":"projects/293925230398/sites/wematch-42878/versions/8de880a8f57b4062","status":"FINALIZED","config":{},"labels":{"deployment-tool":"cli-firebase"},"createTime":"2023-04-01T08:11:13.613512Z","createUser":{"email":"aftaami@gmail.com","imageUrl":"https://lh3.googleusercontent.com/a/AGNmyxZEu15Webs0ag_sUOfxXG4QmhQ9Z5Zqpaxo3dzX7A"},"finalizeTime":"2023-04-01T08:11:44.263520Z","finalizeUser":{"email":"aftaami@gmail.com","imageUrl":"https://lh3.googleusercontent.com/a/AGNmyxZEu15Webs0ag_sUOfxXG4QmhQ9Z5Zqpaxo3dzX7A"}},"type":"DEPLOY","releaseTime":"2023-04-01T08:11:45.108Z","releaseUser":{"email":"aftaami@gmail.com","imageUrl":"https://lh3.googleusercontent.com/a/AGNmyxZEu15Webs0ag_sUOfxXG4QmhQ9Z5Zqpaxo3dzX7A"}}
[info] +  hosting[wematch-42878]: release complete 
[info] 
[info] +  Deploy complete! 
[info] 
[info] Project Console: https://console.firebase.google.com/project/wematch-42878/overview
[info] Hosting URL: https://wematch-42878.web.app
[debug] [2023-04-01T08:11:51.999Z] Error: Timed out.
    at Timeout._onTimeout (C:\Users\user\AppData\Roaming\npm\node_modules\firebase-tools\lib\utils.js:253:49)
    at listOnTimeout (node:internal/timers:564:17)
    at process.processTimers (node:internal/timers:507:7)
[error] 
[error] Error: An unexpected error has occurred.
